2017-04-08T02:53:23+00:00 ERR (3): 
exception 'Mage_Core_Exception' with message 'Tipo de bloque no válido: Mage_Newsletterpopup_Block_Subcrible' in /home/eym/public_html/app/Mage.php:595
Stack trace:
#0 /home/eym/public_html/app/code/core/Mage/Core/Model/Layout.php(495): Mage::throwException('Tipo de bloque ...')
#1 /home/eym/public_html/app/code/core/Mage/Core/Model/Layout.php(437): Mage_Core_Model_Layout->_getBlockInstance('newsletterpopup...', Array)
#2 /home/eym/public_html/app/code/core/Mage/Core/Model/Layout.php(472): Mage_Core_Model_Layout->createBlock('newsletterpopup...', 'newsletterpopup')
#3 /home/eym/public_html/app/code/core/Mage/Core/Model/Layout.php(239): Mage_Core_Model_Layout->addBlock('newsletterpopup...', 'newsletterpopup')
#4 /home/eym/public_html/app/code/core/Mage/Core/Model/Layout.php(205): Mage_Core_Model_Layout->_generateBlock(Object(Mage_Core_Model_Layout_Element), Object(Mage_Core_Model_Layout_Element))
#5 /home/eym/public_html/app/code/core/Mage/Core/Model/Layout.php(210): Mage_Core_Model_Layout->generateBlocks(Object(Mage_Core_Model_Layout_Element))
#6 /home/eym/public_html/app/code/core/Mage/Core/Controller/Varien/Action.php(344): Mage_Core_Model_Layout->generateBlocks()
#7 /home/eym/public_html/app/code/core/Mage/Cms/Helper/Page.php(113): Mage_Core_Controller_Varien_Action->generateLayoutBlocks()
#8 /home/eym/public_html/app/code/core/Mage/Cms/Helper/Page.php(52): Mage_Cms_Helper_Page->_renderPage(Object(Mage_Cms_IndexController), 'camen_home_page')
#9 /home/eym/public_html/app/code/core/Mage/Cms/controllers/IndexController.php(45): Mage_Cms_Helper_Page->renderPage(Object(Mage_Cms_IndexController), 'camen_home_page')
#10 /home/eym/public_html/app/code/core/Mage/Core/Controller/Varien/Action.php(418): Mage_Cms_IndexController->indexAction()
#11 /home/eym/public_html/app/code/core/Mage/Core/Controller/Varien/Router/Standard.php(250): Mage_Core_Controller_Varien_Action->dispatch('index')
#12 /home/eym/public_html/app/code/core/Mage/Core/Controller/Varien/Front.php(172): Mage_Core_Controller_Varien_Router_Standard->match(Object(Mage_Core_Controller_Request_Http))
#13 /home/eym/public_html/app/code/core/Mage/Core/Model/App.php(354): Mage_Core_Controller_Varien_Front->dispatch()
#14 /home/eym/public_html/app/Mage.php(684): Mage_Core_Model_App->run(Array)
#15 /home/eym/public_html/index.php(87): Mage::run('', 'store')
#16 {main}
2017-04-08T02:53:27+00:00 ERR (3): 
exception 'Mage_Core_Exception' with message 'Tipo de bloque no válido: Mage_Newsletterpopup_Block_Subcrible' in /home/eym/public_html/app/Mage.php:595
Stack trace:
#0 /home/eym/public_html/app/code/core/Mage/Core/Model/Layout.php(495): Mage::throwException('Tipo de bloque ...')
#1 /home/eym/public_html/app/code/core/Mage/Core/Model/Layout.php(437): Mage_Core_Model_Layout->_getBlockInstance('newsletterpopup...', Array)
#2 /home/eym/public_html/app/code/core/Mage/Core/Model/Layout.php(472): Mage_Core_Model_Layout->createBlock('newsletterpopup...', 'newsletterpopup')
#3 /home/eym/public_html/app/code/core/Mage/Core/Model/Layout.php(239): Mage_Core_Model_Layout->addBlock('newsletterpopup...', 'newsletterpopup')
#4 /home/eym/public_html/app/code/core/Mage/Core/Model/Layout.php(205): Mage_Core_Model_Layout->_generateBlock(Object(Mage_Core_Model_Layout_Element), Object(Mage_Core_Model_Layout_Element))
#5 /home/eym/public_html/app/code/core/Mage/Core/Model/Layout.php(210): Mage_Core_Model_Layout->generateBlocks(Object(Mage_Core_Model_Layout_Element))
#6 /home/eym/public_html/app/code/core/Mage/Core/Controller/Varien/Action.php(344): Mage_Core_Model_Layout->generateBlocks()
#7 /home/eym/public_html/app/code/core/Mage/Cms/Helper/Page.php(113): Mage_Core_Controller_Varien_Action->generateLayoutBlocks()
#8 /home/eym/public_html/app/code/core/Mage/Cms/Helper/Page.php(52): Mage_Cms_Helper_Page->_renderPage(Object(Mage_Cms_IndexController), 'camen_home_page')
#9 /home/eym/public_html/app/code/core/Mage/Cms/controllers/IndexController.php(45): Mage_Cms_Helper_Page->renderPage(Object(Mage_Cms_IndexController), 'camen_home_page')
#10 /home/eym/public_html/app/code/core/Mage/Core/Controller/Varien/Action.php(418): Mage_Cms_IndexController->indexAction()
#11 /home/eym/public_html/app/code/core/Mage/Core/Controller/Varien/Router/Standard.php(250): Mage_Core_Controller_Varien_Action->dispatch('index')
#12 /home/eym/public_html/app/code/core/Mage/Core/Controller/Varien/Front.php(172): Mage_Core_Controller_Varien_Router_Standard->match(Object(Mage_Core_Controller_Request_Http))
#13 /home/eym/public_html/app/code/core/Mage/Core/Model/App.php(354): Mage_Core_Controller_Varien_Front->dispatch()
#14 /home/eym/public_html/app/Mage.php(684): Mage_Core_Model_App->run(Array)
#15 /home/eym/public_html/index.php(87): Mage::run('', 'store')
#16 {main}
2017-04-08T02:54:21+00:00 ERR (3): 
exception 'Mage_Core_Exception' with message 'Tipo de bloque no válido: Mage_Newsletterpopup_Block_Subcrible' in /home/eym/public_html/app/Mage.php:595
Stack trace:
#0 /home/eym/public_html/app/code/core/Mage/Core/Model/Layout.php(495): Mage::throwException('Tipo de bloque ...')
#1 /home/eym/public_html/app/code/core/Mage/Core/Model/Layout.php(437): Mage_Core_Model_Layout->_getBlockInstance('newsletterpopup...', Array)
#2 /home/eym/public_html/app/code/core/Mage/Core/Model/Layout.php(472): Mage_Core_Model_Layout->createBlock('newsletterpopup...', 'newsletterpopup')
#3 /home/eym/public_html/app/code/core/Mage/Core/Model/Layout.php(239): Mage_Core_Model_Layout->addBlock('newsletterpopup...', 'newsletterpopup')
#4 /home/eym/public_html/app/code/core/Mage/Core/Model/Layout.php(205): Mage_Core_Model_Layout->_generateBlock(Object(Mage_Core_Model_Layout_Element), Object(Mage_Core_Model_Layout_Element))
#5 /home/eym/public_html/app/code/core/Mage/Core/Model/Layout.php(210): Mage_Core_Model_Layout->generateBlocks(Object(Mage_Core_Model_Layout_Element))
#6 /home/eym/public_html/app/code/core/Mage/Core/Controller/Varien/Action.php(344): Mage_Core_Model_Layout->generateBlocks()
#7 /home/eym/public_html/app/code/core/Mage/Cms/Helper/Page.php(113): Mage_Core_Controller_Varien_Action->generateLayoutBlocks()
#8 /home/eym/public_html/app/code/core/Mage/Cms/Helper/Page.php(52): Mage_Cms_Helper_Page->_renderPage(Object(Mage_Cms_IndexController), 'camen_home_page')
#9 /home/eym/public_html/app/code/core/Mage/Cms/controllers/IndexController.php(45): Mage_Cms_Helper_Page->renderPage(Object(Mage_Cms_IndexController), 'camen_home_page')
#10 /home/eym/public_html/app/code/core/Mage/Core/Controller/Varien/Action.php(418): Mage_Cms_IndexController->indexAction()
#11 /home/eym/public_html/app/code/core/Mage/Core/Controller/Varien/Router/Standard.php(250): Mage_Core_Controller_Varien_Action->dispatch('index')
#12 /home/eym/public_html/app/code/core/Mage/Core/Controller/Varien/Front.php(172): Mage_Core_Controller_Varien_Router_Standard->match(Object(Mage_Core_Controller_Request_Http))
#13 /home/eym/public_html/app/code/core/Mage/Core/Model/App.php(354): Mage_Core_Controller_Varien_Front->dispatch()
#14 /home/eym/public_html/app/Mage.php(684): Mage_Core_Model_App->run(Array)
#15 /home/eym/public_html/index.php(87): Mage::run('', 'store')
#16 {main}
2017-04-08T03:04:59+00:00 ERR (3): 
exception 'Mage_Core_Exception' with message 'Tipo de bloque no válido: Mage_Newsletterpopup_Block_Subcrible' in /home/eym/public_html/app/Mage.php:595
Stack trace:
#0 /home/eym/public_html/app/code/core/Mage/Core/Model/Layout.php(495): Mage::throwException('Tipo de bloque ...')
#1 /home/eym/public_html/app/code/core/Mage/Core/Model/Layout.php(437): Mage_Core_Model_Layout->_getBlockInstance('newsletterpopup...', Array)
#2 /home/eym/public_html/app/code/core/Mage/Core/Model/Layout.php(472): Mage_Core_Model_Layout->createBlock('newsletterpopup...', 'newsletterpopup')
#3 /home/eym/public_html/app/code/core/Mage/Core/Model/Layout.php(239): Mage_Core_Model_Layout->addBlock('newsletterpopup...', 'newsletterpopup')
#4 /home/eym/public_html/app/code/core/Mage/Core/Model/Layout.php(205): Mage_Core_Model_Layout->_generateBlock(Object(Mage_Core_Model_Layout_Element), Object(Mage_Core_Model_Layout_Element))
#5 /home/eym/public_html/app/code/core/Mage/Core/Model/Layout.php(210): Mage_Core_Model_Layout->generateBlocks(Object(Mage_Core_Model_Layout_Element))
#6 /home/eym/public_html/app/code/core/Mage/Core/Controller/Varien/Action.php(344): Mage_Core_Model_Layout->generateBlocks()
#7 /home/eym/public_html/app/code/core/Mage/Cms/Helper/Page.php(113): Mage_Core_Controller_Varien_Action->generateLayoutBlocks()
#8 /home/eym/public_html/app/code/core/Mage/Cms/Helper/Page.php(52): Mage_Cms_Helper_Page->_renderPage(Object(Mage_Cms_IndexController), 'camen_home_page')
#9 /home/eym/public_html/app/code/core/Mage/Cms/controllers/IndexController.php(45): Mage_Cms_Helper_Page->renderPage(Object(Mage_Cms_IndexController), 'camen_home_page')
#10 /home/eym/public_html/app/code/core/Mage/Core/Controller/Varien/Action.php(418): Mage_Cms_IndexController->indexAction()
#11 /home/eym/public_html/app/code/core/Mage/Core/Controller/Varien/Router/Standard.php(250): Mage_Core_Controller_Varien_Action->dispatch('index')
#12 /home/eym/public_html/app/code/core/Mage/Core/Controller/Varien/Front.php(172): Mage_Core_Controller_Varien_Router_Standard->match(Object(Mage_Core_Controller_Request_Http))
#13 /home/eym/public_html/app/code/core/Mage/Core/Model/App.php(354): Mage_Core_Controller_Varien_Front->dispatch()
#14 /home/eym/public_html/app/Mage.php(684): Mage_Core_Model_App->run(Array)
#15 /home/eym/public_html/index.php(87): Mage::run('', 'store')
#16 {main}
2017-04-08T03:08:07+00:00 ERR (3): 
exception 'Mage_Core_Exception' with message 'Tipo de bloque no válido: Mage_Newsletterpopup_Block_Subcrible' in /home/eym/public_html/app/Mage.php:595
Stack trace:
#0 /home/eym/public_html/app/code/core/Mage/Core/Model/Layout.php(495): Mage::throwException('Tipo de bloque ...')
#1 /home/eym/public_html/app/code/core/Mage/Core/Model/Layout.php(437): Mage_Core_Model_Layout->_getBlockInstance('newsletterpopup...', Array)
#2 /home/eym/public_html/app/code/core/Mage/Core/Model/Layout.php(472): Mage_Core_Model_Layout->createBlock('newsletterpopup...', 'newsletterpopup')
#3 /home/eym/public_html/app/code/core/Mage/Core/Model/Layout.php(239): Mage_Core_Model_Layout->addBlock('newsletterpopup...', 'newsletterpopup')
#4 /home/eym/public_html/app/code/core/Mage/Core/Model/Layout.php(205): Mage_Core_Model_Layout->_generateBlock(Object(Mage_Core_Model_Layout_Element), Object(Mage_Core_Model_Layout_Element))
#5 /home/eym/public_html/app/code/core/Mage/Core/Model/Layout.php(210): Mage_Core_Model_Layout->generateBlocks(Object(Mage_Core_Model_Layout_Element))
#6 /home/eym/public_html/app/code/core/Mage/Core/Controller/Varien/Action.php(344): Mage_Core_Model_Layout->generateBlocks()
#7 /home/eym/public_html/app/code/core/Mage/Cms/Helper/Page.php(113): Mage_Core_Controller_Varien_Action->generateLayoutBlocks()
#8 /home/eym/public_html/app/code/core/Mage/Cms/Helper/Page.php(52): Mage_Cms_Helper_Page->_renderPage(Object(Mage_Cms_IndexController), 'camen_home_page')
#9 /home/eym/public_html/app/code/core/Mage/Cms/controllers/IndexController.php(45): Mage_Cms_Helper_Page->renderPage(Object(Mage_Cms_IndexController), 'camen_home_page')
#10 /home/eym/public_html/app/code/core/Mage/Core/Controller/Varien/Action.php(418): Mage_Cms_IndexController->indexAction()
#11 /home/eym/public_html/app/code/core/Mage/Core/Controller/Varien/Router/Standard.php(250): Mage_Core_Controller_Varien_Action->dispatch('index')
#12 /home/eym/public_html/app/code/core/Mage/Core/Controller/Varien/Front.php(172): Mage_Core_Controller_Varien_Router_Standard->match(Object(Mage_Core_Controller_Request_Http))
#13 /home/eym/public_html/app/code/core/Mage/Core/Model/App.php(354): Mage_Core_Controller_Varien_Front->dispatch()
#14 /home/eym/public_html/app/Mage.php(684): Mage_Core_Model_App->run(Array)
#15 /home/eym/public_html/index.php(87): Mage::run('', 'store')
#16 {main}
